<?xml version="1.0" encoding="UTF-8"?>
<!-- Generated by org.testng.reporters.JUnitReportReporter -->
<testsuite hostname="LAPTOP-AFHHBF14" failures="0" tests="3" name="TestNG.Test7" time="0.023" errors="0" timestamp="2023-01-21T18:10:23 IST" skipped="0">
  <testcase classname="TestNG.Test7" name="testCase3" time="0.009"/>
  <system-out/>
  <testcase classname="TestNG.Test7" name="handleAlert" time="0.004"/>
  <system-out/>
  <testcase classname="TestNG.Test7" name="testCase4" time="0.010"/>
  <system-out/>
</testsuite> <!-- TestNG.Test7 -->
