<?xml version="1.0" encoding="UTF-8"?>
<!-- Generated by org.testng.reporters.JUnitReportReporter -->
<testsuite hostname="LAPTOP-AFHHBF14" failures="0" tests="1" name="TestNG.Test4" time="0.002" errors="0" timestamp="2023-01-21T18:10:34 IST" skipped="0">
  <testcase classname="TestNG.Test4" name="handleAlert" time="0.002"/>
  <system-out/>
</testsuite> <!-- TestNG.Test4 -->
