<?xml version="1.0" encoding="UTF-8"?>
<!-- Generated by org.testng.reporters.JUnitReportReporter -->
<testsuite hostname="LAPTOP-AFHHBF14" failures="0" tests="2" name="TestNG.Dataprovider" time="38.248" errors="0" timestamp="2022-11-03T23:55:49 IST" skipped="0">
  <testcase classname="TestNG.Dataprovider" name="login" time="27.424"/>
  <system-out/>
  <testcase classname="TestNG.Dataprovider" name="login" time="10.824"/>
  <system-out/>
</testsuite> <!-- TestNG.Dataprovider -->
