<?xml version="1.0" encoding="UTF-8"?>
<!-- Generated by org.testng.reporters.JUnitReportReporter -->
<testsuite hostname="LAPTOP-AFHHBF14" failures="0" tests="4" name="TestNG.Test6" time="0.018" errors="0" timestamp="2023-01-21T18:10:23 IST" skipped="0">
  <testcase classname="TestNG.Test6" name="verifyTitle" time="0.001"/>
  <system-out/>
  <testcase classname="TestNG.Test6" name="loginFlow" time="0.002"/>
  <system-out/>
  <testcase classname="TestNG.Test6" name="enterCred" time="0.003"/>
  <system-out/>
  <testcase classname="TestNG.Test6" name="clickabilityOfButton" time="0.012"/>
  <system-out/>
</testsuite> <!-- TestNG.Test6 -->
