<?xml version="1.0" encoding="UTF-8"?>
<!-- Generated by org.testng.reporters.JUnitReportReporter -->
<testsuite hostname="LAPTOP-AFHHBF14" failures="0" tests="2" name="TestNG.Test5" time="0.010" errors="0" timestamp="2023-01-21T18:10:34 IST" skipped="0">
  <testcase classname="TestNG.Test5" name="enterCred" time="0.008"/>
  <system-out/>
  <testcase classname="TestNG.Test5" name="verifyTitle" time="0.002"/>
  <system-out/>
</testsuite> <!-- TestNG.Test5 -->
