<?xml version="1.0" encoding="UTF-8"?>
<!-- Generated by org.testng.reporters.JUnitReportReporter -->
<testsuite hostname="LAPTOP-AFHHBF14" failures="0" tests="2" name="TestNG.Test1" time="0.008" errors="0" timestamp="2022-11-03T12:09:55 IST" skipped="0">
  <testcase classname="TestNG.Test1" name="testCase1" time="0.007"/>
  <system-out/>
  <testcase classname="TestNG.Test1" name="testCase2" time="0.001"/>
  <system-out/>
</testsuite> <!-- TestNG.Test1 -->
