<?xml version="1.0" encoding="UTF-8"?>
<!-- Generated by org.testng.reporters.JUnitReportReporter -->
<testsuite hostname="LAPTOP-AFHHBF14" failures="0" tests="2" name="TestNG.Test2" time="0.026" errors="0" timestamp="2022-11-03T23:47:12 IST" skipped="0">
  <testcase classname="TestNG.Test2" name="verifyTitle" time="0.013"/>
  <system-out/>
  <testcase classname="TestNG.Test2" name="verifyURL" time="0.013"/>
  <system-out/>
</testsuite> <!-- TestNG.Test2 -->
