<?xml version="1.0" encoding="UTF-8"?>
<!-- Generated by org.testng.reporters.JUnitReportReporter -->
<testsuite hostname="LAPTOP-AFHHBF14" failures="0" tests="5" name="TestNG.dataproviderbyexcell" time="86.268" errors="0" timestamp="2022-11-04T00:06:02 IST" skipped="0">
  <testcase classname="TestNG.dataproviderbyexcell" name="login" time="13.375"/>
  <system-out/>
  <testcase classname="TestNG.dataproviderbyexcell" name="login" time="16.592"/>
  <system-out/>
  <testcase classname="TestNG.dataproviderbyexcell" name="login" time="15.442"/>
  <system-out/>
  <testcase classname="TestNG.dataproviderbyexcell" name="login" time="27.544"/>
  <system-out/>
  <testcase classname="TestNG.dataproviderbyexcell" name="login" time="13.315"/>
  <system-out/>
</testsuite> <!-- TestNG.dataproviderbyexcell -->
