<?xml version="1.0" encoding="UTF-8"?>
<!-- Generated by org.testng.reporters.JUnitReportReporter -->
<testsuite hostname="LAPTOP-AFHHBF14" failures="0" tests="4" name="TestNG.Parelleltesting" time="0.042" errors="0" timestamp="2022-11-04T11:04:32 IST" skipped="0">
  <testcase classname="TestNG.Parelleltesting" name="verifyURL" time="0.010"/>
  <system-out/>
  <testcase classname="TestNG.Parelleltesting" name="verifyURL" time="0.010"/>
  <system-out/>
  <testcase classname="TestNG.Parelleltesting" name="verifyTitle" time="0.003"/>
  <system-out/>
  <testcase classname="TestNG.Parelleltesting" name="verifyTitle" time="0.019"/>
  <system-out/>
</testsuite> <!-- TestNG.Parelleltesting -->
