<?xml version="1.0" encoding="UTF-8"?>
<!-- Generated by org.testng.reporters.JUnitReportReporter -->
<testsuite hostname="LAPTOP-AFHHBF14" failures="0" tests="1" name="TestNG.Implicitwait" time="0.013" errors="0" timestamp="2022-11-20T15:04:54 IST" skipped="0">
  <testcase classname="TestNG.Implicitwait" name="verifyTitle1" time="0.013"/>
  <system-out/>
</testsuite> <!-- TestNG.Implicitwait -->
