<?xml version="1.0" encoding="UTF-8"?>
<!-- Generated by org.testng.reporters.JUnitReportReporter -->
<testsuite hostname="LAPTOP-AFHHBF14" failures="0" tests="1" name="TestNG.Fluentwait" time="10.575" errors="0" timestamp="2022-11-15T11:21:18 IST" skipped="0">
  <testcase classname="TestNG.Fluentwait" name="buttonHandling" time="10.575"/>
  <system-out/>
</testsuite> <!-- TestNG.Fluentwait -->
